<?xml version="1.0" encoding="UTF-8"?>
<!-- Generated by org.testng.reporters.JUnitReportReporter -->
<testsuite hostname="Dipak" failures="0" tests="3" name="com.crm.qa.Testcase.LoginPsgrtest" time="56.286" errors="0" timestamp="2024-02-08T14:58:09 IST" skipped="0">
  <testcase classname="com.crm.qa.Testcase.LoginPsgrtest" name="loginPagetitleTest" time="24.636"/>
  <testcase classname="com.crm.qa.Testcase.LoginPsgrtest" name="GuruLogopageTest" time="16.235"/>
  <testcase classname="com.crm.qa.Testcase.LoginPsgrtest" name="Logintest" time="15.415"/>
</testsuite> <!-- com.crm.qa.Testcase.LoginPsgrtest -->
